panic: config: loading config file: confuso: parsing YAML: yaml: unmarshal errors:
  line 1: cannot unmarshal !!str `upstrea...` into map[string]interface {}
panic: config: loading config file: confuso: parsing YAML: yaml: unmarshal errors:
  line 1: cannot unmarshal !!str `upstrea...` into map[string]interface {}
panic: config: loading config file: confuso: parsing YAML: yaml: unmarshal errors:
  line 1: cannot unmarshal !!str `upstrea...` into map[string]interface {}
panic: config: loading config file: confuso: parsing YAML: yaml: unmarshal errors:
  line 1: cannot unmarshal !!str `upstrea...` into map[string]interface {}
panic: config: loading config file: confuso: parsing YAML: yaml: unmarshal errors:
  line 1: cannot unmarshal !!str `upstrea...` into map[string]interface {}
panic: config: loading config file: confuso: parsing YAML: yaml: unmarshal errors:
  line 1: cannot unmarshal !!str `upstrea...` into map[string]interface {}
panic: config: loading config file: confuso: parsing YAML: yaml: unmarshal errors:
  line 1: cannot unmarshal !!str `upstrea...` into map[string]interface {}
panic: config: loading config file: confuso: parsing YAML: yaml: unmarshal errors:
  line 1: cannot unmarshal !!str `upstrea...` into map[string]interface {}
panic: config: loading config file: confuso: parsing YAML: yaml: unmarshal errors:
  line 1: cannot unmarshal !!str `upstrea...` into map[string]interface {}
panic: config: loading config file: confuso: field 'upstream' is missing from provided config!
panic: config: loading config file: confuso: field 'port' is missing from provided config!
panic: config: loading config file: confuso: cannot assign value 'basic' to field filter_strategy
